<?xml version="1.0" encoding="UTF-8"?>
<testsuites>
    <testsuite name="force.apex" timestamp="2020-10-11T22:15:58-03:00" hostname="https://na139.salesforce.com" tests="1" failures="0"  errors="0"  time="0.22">
        <properties>
            <property name="outcome" value="Passed"/>
            <property name="testsRan" value="1"/>
            <property name="passing" value="1"/>
            <property name="failing" value="0"/>
            <property name="skipped" value="0"/>
            <property name="passRate" value="100%"/>
            <property name="failRate" value="0%"/>
            <property name="testStartTime" value="Oct 11, 2020 10:15 PM"/>
            <property name="testExecutionTime" value="0.22 s"/>
            <property name="testTotalTime" value="0.22 s"/>
            <property name="commandTime" value="18.93 s"/>
            <property name="hostname" value="https://na139.salesforce.com"/>
            <property name="orgId" value="00D4W000006i8LzUAI"/>
            <property name="username" value="liciavereda.testetopi@devorg.com"/>
            <property name="testRunId" value="7074W00008872Cy"/>
            <property name="userId" value="0054W00000BfbMbQAJ"/>
        </properties>
        <testcase name="filterAccountsByCpfTeste" classname="AccountFilterTeste" time="0.22">
        </testcase>
    </testsuite>
</testsuites>
